73
88
67
103
46
102
58
60
40
48
19
177
32
117
164
114
34
108
26
72
100
152
93
92
70
41
55
44
56
85
158
68
54
112
39
63
14
6
124
99
106
71
130
62
42
51
107
45
78
66
59
123
83
57
50
61
79
65
75
87
95
64
80
53
125
28
82
25
20
113
94
129
33
77
76
47
91
81
74
168
90
111
121
22
110
126
43
86
104
131
144
89
180
101
96
98
49
84
127
150
97
122
109
137
105
69
120
128
116
132
167
11
143
136
118
138
119
24
115
175
1
8
38
148
134
133
166
141
31
153
36
151
149
17
147
145
4
9
169
30
139
159
12
35
142
27
163
154
140
146
172
13
160
174
165
15
162
16
155
7
157
179
161
5
171
170
2
135
52
156
10
176
37
29
18
23
173
178
21
3
