78
198
4
58
1
57
5
74
3
25
7
10
15
180
31
34
166
75
102
148
92
106
131
99
11
153
29
85
95
2
149
150
158
142
12
145
97
156
171
38
105
101
191
181
195
155
20
133
39
151
53
6
88
36
35
70
62
52
55
41
37
86
17
139
94
130
83
100
192
43
159
137
82
104
116
118
60
47
136
169
162
164
91
32
113
193
110
170
199
68
197
172
125
112
119
174
42
64
122
16
157
111
115
71
59
126
24
22
121
84
65
114
80
79
175
21
54
67
196
66
98
163
165
26
27
135
109
124
188
117
167
81
96
120
51
138
179
184
146
44
186
123
154
46
152
69
160
45
107
183
177
56
33
19
108
182
200
185
132
50
48
89
61
9
178
190
176
189
144
127
63
77
72
30
129
140
187
93
143
103
40
128
168
23
28
90
73
141
8
49
76
194
87
161
134
147
14
173
13
18
