51
200
138
116
7
84
42
130
101
161
147
156
3
197
94
39
71
98
77
36
70
5
186
78
48
20
59
92
99
91
8
193
79
46
155
134
62
6
23
61
127
95
176
19
195
4
198
119
192
90
18
164
128
100
169
183
124
56
166
122
153
82
76
33
120
47
11
117
114
126
152
174
21
13
72
30
135
165
180
16
63
54
167
109
26
143
131
15
12
173
53
194
38
57
87
179
187
177
189
181
81
191
25
52
157
108
133
58
107
188
37
2
168
86
89
185
43
144
27
159
69
24
136
60
93
111
88
97
64
148
113
125
158
184
106
55
141
65
190
66
123
103
68
41
154
73
146
