107
55
150
152
117
63
95
24
91
190
135
114
183
77
81
27
103
106
119
126
80
174
4
182
49
181
173
88
143
79
20
125
1
179
148
87
14
67
198
123
160
118
86
8
128
146
82
96
104
32
23
29
158
138
156
69
196
133
65
186
60
111
46
53
36
101
110
167
175
192
144
122
58
180
168
57
134
33
15
176
22
48
163
178
187
97
89
17
184
98
157
131
132
145
28
127
108
165
155
172
43
34
185
19
191
74
52
50
62
169
26
59
3
40
137
149
83
7
37
171
84
71
85
18
177
142
166
153
31
151
109
16
47
56
113
9
94
13
115
25
105
129
159
147
51
162
188
72
140
78
170
66
6
199
130
41
64
99
30
21
102
92
76
90
2
42
136
141
11
189
68
75
38
61
154
39
12
73
70
5
139
116
200
100
193
10
35
164
44
194
54
93
195
45
124
121
161
197
112
120
