23
21
16
29
38
9
7
72
28
194
32
186
13
14
15
3
17
18
19
20
2
65
1
33
55
26
27
39
37
89
97
11
24
179
35
36
4
40
6
5
41
42
43
44
45
46
47
48
49
50
108
52
53
54
8
56
57
58
164
60
61
62
63
64
10
66
67
12
69
70
71
25
73
166
75
133
77
78
170
80
81
82
83
84
85
86
87
88
30
90
91
92
199
94
95
96
31
181
99
100
101
102
103
104
105
106
107
51
109
110
111
112
113
114
115
116
34
118
119
120
121
122
123
124
125
126
127
128
129
130
131
132
139
134
135
136
137
138
22
140
141
142
143
144
145
146
147
192
149
150
151
152
153
154
155
156
157
158
159
160
161
162
163
59
165
98
167
168
169
79
171
172
173
174
175
176
177
178
117
180
74
182
183
184
185
68
187
188
189
190
191
148
193
76
195
196
197
198
93
200
