200
171
29
83
51
24
156
185
106
198
124
178
28
79
5
66
128
41
168
49
141
26
163
174
95
169
17
58
133
36
158
196
62
10
123
45
87
89
173
64
157
3
6
32
12
137
59
99
153
31
172
110
15
155
166
55
152
47
182
46
9
85
170
53
112
77
161
50
115
179
2
20
186
1
68
114
175
37
101
90
78
127
11
65
92
188
30
76
82
63
121
8
197
25
146
75
33
140
40
135
105
103
98
19
119
118
67
102
73
138
4
81
164
129
139
145
60
39
117
74
111
34
125
42
131
126
70
80
93
147
100
104
35
167
160
14
56
52
132
191
16
180
136
181
54
97
71
143
195
120
18
44
108
183
94
91
194
61
192
69
96
21
27
165
116
159
176
57
190
48
187
184
130
43
148
193
189
113
122
38
109
177
162
134
22
23
150
151
154
7
107
72
13
88
144
142
149
199
84
86
