115
153
46
152
196
134
187
49
143
177
175
90
40
107
148
174
98
48
16
27
136
156
109
169
63
70
85
137
84
71
52
155
102
64
139
17
110
4
166
29
189
128
142
164
86
7
133
32
176
195
194
179
135
97
81
124
28
100
117
60
59
36
67
199
72
151
118
159
57
125
116
24
182
14
13
80
15
131
10
5
162
111
38
23
121
200
3
55
192
18
12
160
69
122
89
35
161
158
178
21
193
154
68
44
42
39
149
108
34
96
61
183
170
20
190
172
41
103
79
191
129
188
45
99
30
120
144
106
53
56
126
147
31
198
50
163
138
26
19
25
65
88
145
168
78
