2
1
7
25
6
13
5
11
3
28
12
10
39
97
8
14
42
16
36
19
26
15
18
20
38
46
22
136
106
31
24
23
34
33
30
40
90
27
43
74
49
41
53
48
37
171
50
64
58
45
65
162
62
77
52
44
68
109
54
51
47
60
55
81
67
83
56
84
95
57
63
61
73
66
104
137
75
96
72
125
69
70
76
71
78
149
89
82
87
94
92
80
133
79
110
100
88
108
91
86
158
107
147
93
99
101
164
102
103
114
124
111
159
126
105
123
112
118
113
139
115
121
116
117
148
119
129
120
122
165
161
130
163
132
127
128
134
135
131
151
141
150
138
155
142
146
143
154
144
145
172
169
152
153
160
156
157
168
