150
91
7
118
114
135
119
4
143
55
24
63
146
117
31
51
95
103
86
190
107
87
1
120
183
79
27
106
170
173
193
165
98
126
184
3
49
21
78
82
96
160
44
29
148
84
6
89
111
52
123
69
45
65
19
191
177
93
58
34
167
105
199
11
188
180
74
10
137
139
182
200
128
88
175
189
66
132
144
26
122
59
37
35
28
47
53
151
157
22
158
102
48
80
42
12
100
198
169
71
108
25
41
109
46
9
145
38
115
75
133
36
161
104
90
17
5
131
154
134
94
186
127
54
195
2
121
179
196
8
174
60
72
15
40
138
142
50
168
194
62
176
181
156
197
116
56
124
192
64
101
162
125
20
68
187
43
14
159
172
155
57
61
83
77
97
166
67
152
33
16
81
112
73
30
185
76
178
85
130
23
70
113
129
164
149
147
92
99
141
18
32
136
110
39
171
140
13
163
153
