1
2
4
7
5
150
6
9
8
11
82
36
184
3
33
137
23
147
70
138
13
196
15
152
100
197
44
155
164
37
92
149
102
39
25
182
57
59
47
162
189
99
60
35
75
62
16
40
34
72
54
30
146
143
48
68
74
127
139
142
148
38
101
90
66
168
41
42
117
28
134
18
14
116
187
126
21
50
56
64
169
12
154
78
96
160
98
51
181
194
144
81
80
58
32
157
55
63
193
188
166
93
67
165
61
130
29
69
113
111
106
24
151
167
43
177
87
20
172
136
125
195
112
192
159
186
122
132
104
156
91
103
114
79
190
105
49
110
118
88
85
109
179
19
180
84
145
120
128
121
119
198
115
123
141
163
65
95
153
73
76
77
27
171
129
94
89
124
200
17
131
133
52
185
199
86
31
175
22
191
10
83
46
97
158
161
178
173
53
107
140
170
45
174
135
71
26
183
108
176
