58
81
105
109
63
163
62
148
146
160
147
48
167
55
162
59
126
133
70
179
106
197
185
66
136
200
190
198
101
129
111
195
123
100
83
153
77
135
118
199
68
158
54
116
196
183
56
181
144
98
72
47
90
57
110
193
166
180
191
91
82
1
187
61
174
171
192
80
69
122
152
159
95
49
189
188
117
184
151
157
164
73
92
131
134
124
78
89
108
155
50
20
112
170
67
45
18
53
130
156
186
3
43
127
75
141
84
125
175
52
60
150
87
44
173
194
94
71
139
107
79
65
85
26
140
119
165
14
138
143
7
88
19
42
37
145
97
15
182
17
35
176
132
128
161
172
169
64
5
36
24
96
33
137
86
113
4
178
154
142
93
103
11
99
102
27
6
51
115
177
40
21
32
2
104
149
168
34
121
10
114
76
31
74
46
25
38
41
30
12
13
8
23
28
39
9
22
29
120
16
