99
90
5
65
2
38
83
7
10
3
19
70
20
11
109
54
24
18
42
13
57
12
30
47
15
26
41
44
67
74
23
16
104
82
63
25
22
58
28
39
34
49
53
36
94
50
33
37
40
45
43
118
52
48
136
101
68
80
46
71
62
120
66
51
89
56
91
92
97
55
95
119
77
60
76
61
107
64
69
72
73
84
14
86
143
75
81
78
148
121
138
88
100
123
114
130
106
87
79
117
96
102
103
93
105
110
162
115
108
124
139
132
133
142
165
111
134
122
128
149
125
131
112
116
113
129
137
27
158
154
145
151
126
127
144
1
147
161
160
135
153
8
163
141
146
171
169
150
155
159
157
152
164
172
156
6
31
168
