200
138
130
156
42
147
94
101
197
161
116
51
59
195
70
3
39
98
84
77
78
134
7
23
193
79
176
91
20
36
133
155
8
127
47
114
99
198
100
18
5
46
61
6
33
95
71
192
16
164
169
62
124
4
117
153
56
122
128
119
166
13
92
107
48
2
30
76
168
15
21
135
186
90
82
183
38
174
11
25
58
26
167
12
86
131
57
54
109
165
187
143
152
72
108
19
63
89
191
173
87
159
185
157
126
181
88
53
97
189
188
27
81
52
69
179
43
180
120
111
37
177
93
60
136
64
194
158
65
125
144
106
184
148
113
55
141
123
190
154
66
103
68
73
24
41
146
