125
104
6
7
42
20
51
168
131
200
27
186
2
132
15
73
158
28
5
161
49
16
12
148
106
56
47
71
44
154
92
18
198
171
82
93
129
70
54
50
77
99
60
152
58
182
69
74
122
81
38
86
94
13
173
133
100
117
29
72
141
96
101
67
36
64
180
109
17
167
184
75
114
32
177
199
46
90
185
98
134
142
196
169
191
83
176
172
179
189
88
136
140
95
59
156
14
110
24
151
62
197
66
3
124
63
164
137
174
157
149
37
160
87
103
123
135
130
4
35
9
192
120
19
55
128
65
30
22
145
21
195
85
102
31
10
119
112
162
8
26
115
188
153
187
181
108
143
34
147
39
107
68
53
23
57
126
138
89
84
155
194
79
166
193
80
11
43
170
150
78
48
41
127
159
175
33
97
163
165
116
61
113
118
190
139
40
76
183
178
25
146
45
91
121
1
144
52
111
105
