145
160
155
3
161
6
7
8
9
10
11
12
13
14
15
16
17
18
19
5
21
22
23
24
4
26
27
28
29
30
31
32
33
34
35
36
37
79
39
40
41
42
85
44
45
46
47
48
49
50
51
52
43
54
55
56
57
58
59
60
61
62
63
64
65
66
67
68
1
70
71
72
73
74
75
76
77
78
84
80
81
82
83
38
53
86
87
88
89
90
91
92
93
94
95
96
97
98
99
100
101
102
25
104
105
106
107
108
109
69
111
112
113
114
115
116
103
118
119
120
121
122
123
124
125
117
127
128
129
130
126
132
133
134
135
136
131
138
139
171
141
142
143
144
110
146
147
148
149
165
151
152
153
154
156
137
157
158
159
2
20
162
