123
104
166
176
1
6
172
199
76
200
4
186
2
149
15
73
158
107
5
161
175
178
12
155
21
179
150
22
165
154
101
18
174
171
7
93
129
181
197
190
180
3
189
45
108
182
11
194
122
164
38
159
10
39
25
34
49
57
8
187
86
40
31
196
36
69
62
43
17
167
184
75
28
32
144
168
46
41
185
188
44
142
13
169
191
83
192
193
56
60
88
136
33
27
59
156
14
67
24
42
77
54
9
52
80
63
70
20
198
64
183
37
79
16
71
163
81
92
95
35
66
82
78
19
55
47
65
30
61
23
74
195
85
84
89
94
99
170
162
29
26
87
96
48
72
90
121
91
98
100
110
114
68
53
118
117
125
120
50
102
111
119
126
58
51
124
157
109
112
128
138
153
133
127
141
115
140
97
105
134
116
103
113
130
106
139
146
131
132
160
137
135
152
143
147
151
177
145
148
173
